<?xml version="1.0" encoding="UTF-8"?>
<!-- Generated by org.testng.reporters.JUnitXMLReporter -->
<testsuite ignored="0" hostname="DESKTOP-FP4L327" failures="4" tests="7" name="Test" time="109.807" errors="0" timestamp="2026-02-21T14:12:45 IST">
  <testcase classname="testCases.TestCase_01" name="Registration_TestCase" time="8.679"/>
  <testcase classname="testCases.TestCase_02_Propertiesfile" name="login_TestCase" time="11.814">
    <failure type="java.lang.AssertionError" message="Login fail expected [true] but found [false]">
      <![CDATA[java.lang.AssertionError: Login fail expected [true] but found [false]
at testCases.TestCase_02_Propertiesfile.login_TestCase(TestCase_02_Propertiesfile.java:34)
at java.base/java.util.ArrayList.forEach(ArrayList.java:1596)
... Removed 35 stack frames]]>
    </failure>
  </testcase> <!-- login_TestCase -->
  <testcase classname="testCases.Testcase_03_DDT" name="verify_login" time="2.431"/>
  <testcase classname="testCases.Testcase_03_DDT" name="verify_login" time="11.82">
    <failure type="java.lang.AssertionError" message="expected [true] but found [false]">
      <![CDATA[java.lang.AssertionError: expected [true] but found [false]
at testCases.Testcase_03_DDT.verify_login(Testcase_03_DDT.java:44)
at java.base/java.util.ArrayList.forEach(ArrayList.java:1596)
... Removed 33 stack frames]]>
    </failure>
  </testcase> <!-- verify_login -->
  <testcase classname="testCases.Testcase_03_DDT" name="verify_login" time="11.863">
    <failure type="java.lang.AssertionError" message="expected [true] but found [false]">
      <![CDATA[java.lang.AssertionError: expected [true] but found [false]
at testCases.Testcase_03_DDT.verify_login(Testcase_03_DDT.java:44)
at java.base/java.util.ArrayList.forEach(ArrayList.java:1596)
... Removed 33 stack frames]]>
    </failure>
  </testcase> <!-- verify_login -->
  <testcase classname="testCases.Testcase_03_DDT" name="verify_login" time="11.589">
    <failure type="java.lang.AssertionError" message="expected [true] but found [false]">
      <![CDATA[java.lang.AssertionError: expected [true] but found [false]
at testCases.Testcase_03_DDT.verify_login(Testcase_03_DDT.java:44)
at java.base/java.util.ArrayList.forEach(ArrayList.java:1596)
... Removed 33 stack frames]]>
    </failure>
  </testcase> <!-- verify_login -->
  <testcase classname="testCases.Testcase_03_DDT" name="verify_login" time="2.177"/>
</testsuite> <!-- Test -->
